<?xml version="1.0" encoding="UTF-8"?>
<coverage generated="1736805172401" clover="3.2.0">
  <project timestamp="1736805172401" name="All files">
    <metrics statements="34" coveredstatements="30" conditionals="12" coveredconditionals="11" methods="12" coveredmethods="8" elements="58" coveredelements="49" complexity="0" loc="34" ncloc="34" packages="2" files="2" classes="2"/>
    <package name="src">
      <metrics statements="20" coveredstatements="16" conditionals="6" coveredconditionals="5" methods="9" coveredmethods="5"/>
      <file name="App.tsx" path="/Users/kelvipadilla/Develop/react-practice-projects/to-do-list/src/App.tsx">
        <metrics statements="20" coveredstatements="16" conditionals="6" coveredconditionals="5" methods="9" coveredmethods="5"/>
        <line num="7" count="6" type="stmt"/>
        <line num="8" count="6" type="stmt"/>
        <line num="10" count="6" type="stmt"/>
        <line num="11" count="3" type="stmt"/>
        <line num="12" count="3" type="cond" truecount="2" falsecount="0"/>
        <line num="13" count="2" type="stmt"/>
        <line num="20" count="6" type="stmt"/>
        <line num="21" count="6" type="stmt"/>
        <line num="24" count="6" type="stmt"/>
        <line num="25" count="1" type="stmt"/>
        <line num="26" count="1" type="stmt"/>
        <line num="30" count="1" type="stmt"/>
        <line num="33" count="6" type="stmt"/>
        <line num="34" count="0" type="stmt"/>
        <line num="40" count="6" type="stmt"/>
        <line num="41" count="0" type="stmt"/>
        <line num="47" count="6" type="stmt"/>
        <line num="74" count="2" type="stmt"/>
        <line num="79" count="0" type="stmt"/>
        <line num="84" count="0" type="stmt"/>
      </file>
    </package>
    <package name="src.reducers">
      <metrics statements="14" coveredstatements="14" conditionals="6" coveredconditionals="6" methods="3" coveredmethods="3"/>
      <file name="todoReducer.ts" path="/Users/kelvipadilla/Develop/react-practice-projects/to-do-list/src/reducers/todoReducer.ts">
        <metrics statements="14" coveredstatements="14" conditionals="6" coveredconditionals="6" methods="3" coveredmethods="3"/>
        <line num="2" count="9" type="stmt"/>
        <line num="3" count="9" type="cond" truecount="4" falsecount="0"/>
        <line num="5" count="5" type="stmt"/>
        <line num="6" count="5" type="stmt"/>
        <line num="8" count="2" type="stmt"/>
        <line num="15" count="2" type="stmt"/>
        <line num="17" count="2" type="stmt"/>
        <line num="18" count="1" type="stmt"/>
        <line num="20" count="1" type="stmt"/>
        <line num="21" count="2" type="cond" truecount="2" falsecount="0"/>
        <line num="22" count="1" type="stmt"/>
        <line num="25" count="2" type="stmt"/>
        <line num="27" count="1" type="stmt"/>
        <line num="29" count="9" type="stmt"/>
      </file>
    </package>
  </project>
</coverage>
