{"/Users/kelvipadilla/Develop/react-practice-projects/to-do-list/src/App.tsx": {"path":"/Users/kelvipadilla/Develop/react-practice-projects/to-do-list/src/App.tsx","statementMap":{"0":{"start":{"line":7,"column":24},"end":{"line":7,"column":null}},"1":{"start":{"line":8,"column":31},"end":{"line":8,"column":null}},"2":{"start":{"line":10,"column":2},"end":{"line":18,"column":null}},"3":{"start":{"line":11,"column":24},"end":{"line":11,"column":null}},"4":{"start":{"line":12,"column":4},"end":{"line":17,"column":null}},"5":{"start":{"line":13,"column":6},"end":{"line":16,"column":null}},"6":{"start":{"line":20,"column":2},"end":{"line":22,"column":null}},"7":{"start":{"line":21,"column":4},"end":{"line":21,"column":null}},"8":{"start":{"line":24,"column":23},"end":{"line":31,"column":null}},"9":{"start":{"line":25,"column":4},"end":{"line":25,"column":null}},"10":{"start":{"line":26,"column":4},"end":{"line":29,"column":null}},"11":{"start":{"line":30,"column":4},"end":{"line":30,"column":null}},"12":{"start":{"line":33,"column":24},"end":{"line":38,"column":null}},"13":{"start":{"line":34,"column":4},"end":{"line":37,"column":null}},"14":{"start":{"line":40,"column":27},"end":{"line":45,"column":null}},"15":{"start":{"line":41,"column":4},"end":{"line":44,"column":null}},"16":{"start":{"line":47,"column":2},"end":{"line":91,"column":null}},"17":{"start":{"line":74,"column":16},"end":{"line":85,"column":null}},"18":{"start":{"line":79,"column":36},"end":{"line":79,"column":61}},"19":{"start":{"line":84,"column":58},"end":{"line":84,"column":80}}},"fnMap":{"0":{"name":"App","decl":{"start":{"line":6,"column":9},"end":{"line":6,"column":15}},"loc":{"start":{"line":6,"column":15},"end":{"line":93,"column":null}}},"1":{"name":"(anonymous_1)","decl":{"start":{"line":10,"column":12},"end":{"line":10,"column":18}},"loc":{"start":{"line":10,"column":18},"end":{"line":18,"column":5}}},"2":{"name":"(anonymous_2)","decl":{"start":{"line":20,"column":12},"end":{"line":20,"column":18}},"loc":{"start":{"line":20,"column":18},"end":{"line":22,"column":5}}},"3":{"name":"(anonymous_3)","decl":{"start":{"line":24,"column":23},"end":{"line":24,"column":24}},"loc":{"start":{"line":24,"column":35},"end":{"line":31,"column":null}}},"4":{"name":"(anonymous_4)","decl":{"start":{"line":33,"column":24},"end":{"line":33,"column":25}},"loc":{"start":{"line":33,"column":43},"end":{"line":38,"column":null}}},"5":{"name":"(anonymous_5)","decl":{"start":{"line":40,"column":27},"end":{"line":40,"column":28}},"loc":{"start":{"line":40,"column":46},"end":{"line":45,"column":null}}},"6":{"name":"(anonymous_6)","decl":{"start":{"line":73,"column":40},"end":{"line":73,"column":41}},"loc":{"start":{"line":74,"column":16},"end":{"line":85,"column":null}}},"7":{"name":"(anonymous_7)","decl":{"start":{"line":79,"column":30},"end":{"line":79,"column":36}},"loc":{"start":{"line":79,"column":36},"end":{"line":79,"column":61}}},"8":{"name":"(anonymous_8)","decl":{"start":{"line":84,"column":52},"end":{"line":84,"column":58}},"loc":{"start":{"line":84,"column":58},"end":{"line":84,"column":80}}}},"branchMap":{"0":{"loc":{"start":{"line":12,"column":4},"end":{"line":17,"column":null}},"type":"if","locations":[{"start":{"line":12,"column":4},"end":{"line":17,"column":null}},{"start":{"line":12,"column":4},"end":{"line":17,"column":null}}]},"1":{"loc":{"start":{"line":73,"column":15},"end":{"line":86,"column":null}},"type":"binary-expr","locations":[{"start":{"line":73,"column":15},"end":{"line":73,"column":27}},{"start":{"line":73,"column":27},"end":{"line":86,"column":null}}]},"2":{"loc":{"start":{"line":80,"column":36},"end":{"line":80,"column":null}},"type":"cond-expr","locations":[{"start":{"line":80,"column":49},"end":{"line":80,"column":82}},{"start":{"line":80,"column":82},"end":{"line":80,"column":null}}]}},"s":{"0":6,"1":6,"2":6,"3":3,"4":3,"5":2,"6":6,"7":6,"8":6,"9":1,"10":1,"11":1,"12":6,"13":0,"14":6,"15":0,"16":6,"17":2,"18":0,"19":0},"f":{"0":6,"1":3,"2":6,"3":1,"4":0,"5":0,"6":2,"7":0,"8":0},"b":{"0":[2,1],"1":[6,6],"2":[0,2]}}
,"/Users/kelvipadilla/Develop/react-practice-projects/to-do-list/src/reducers/todoReducer.ts": {"path":"/Users/kelvipadilla/Develop/react-practice-projects/to-do-list/src/reducers/todoReducer.ts","statementMap":{"0":{"start":{"line":2,"column":19},"end":{"line":2,"column":null}},"1":{"start":{"line":3,"column":4},"end":{"line":28,"column":null}},"2":{"start":{"line":5,"column":8},"end":{"line":5,"column":null}},"3":{"start":{"line":6,"column":8},"end":{"line":6,"column":null}},"4":{"start":{"line":8,"column":8},"end":{"line":14,"column":null}},"5":{"start":{"line":15,"column":8},"end":{"line":15,"column":null}},"6":{"start":{"line":17,"column":8},"end":{"line":17,"column":null}},"7":{"start":{"line":17,"column":46},"end":{"line":17,"column":67}},"8":{"start":{"line":18,"column":8},"end":{"line":18,"column":null}},"9":{"start":{"line":20,"column":8},"end":{"line":26,"column":null}},"10":{"start":{"line":21,"column":10},"end":{"line":23,"column":null}},"11":{"start":{"line":22,"column":12},"end":{"line":22,"column":null}},"12":{"start":{"line":25,"column":10},"end":{"line":25,"column":null}},"13":{"start":{"line":27,"column":8},"end":{"line":27,"column":null}},"14":{"start":{"line":29,"column":4},"end":{"line":29,"column":null}}},"fnMap":{"0":{"name":"reducer","decl":{"start":{"line":1,"column":24},"end":{"line":1,"column":32}},"loc":{"start":{"line":1,"column":58},"end":{"line":30,"column":null}}},"1":{"name":"(anonymous_1)","decl":{"start":{"line":17,"column":32},"end":{"line":17,"column":33}},"loc":{"start":{"line":17,"column":46},"end":{"line":17,"column":67}}},"2":{"name":"(anonymous_2)","decl":{"start":{"line":20,"column":29},"end":{"line":20,"column":30}},"loc":{"start":{"line":20,"column":46},"end":{"line":26,"column":9}}}},"branchMap":{"0":{"loc":{"start":{"line":3,"column":4},"end":{"line":28,"column":null}},"type":"switch","locations":[{"start":{"line":4,"column":6},"end":{"line":6,"column":null}},{"start":{"line":7,"column":6},"end":{"line":15,"column":null}},{"start":{"line":16,"column":6},"end":{"line":18,"column":null}},{"start":{"line":19,"column":6},"end":{"line":27,"column":null}}]},"1":{"loc":{"start":{"line":21,"column":10},"end":{"line":23,"column":null}},"type":"if","locations":[{"start":{"line":21,"column":10},"end":{"line":23,"column":null}},{"start":{"line":21,"column":10},"end":{"line":23,"column":null}}]}},"s":{"0":9,"1":9,"2":5,"3":5,"4":2,"5":2,"6":1,"7":2,"8":1,"9":1,"10":2,"11":1,"12":2,"13":1,"14":9},"f":{"0":9,"1":2,"2":2},"b":{"0":[5,2,1,1],"1":[1,1]}}
}
