{"/Users/kelvi/Develop/reactjs/exercises/counter-app/setupTests.ts": {"path":"/Users/kelvi/Develop/reactjs/exercises/counter-app/setupTests.ts","all":false,"statementMap":{"0":{"start":{"line":1,"column":0},"end":{"line":1,"column":34}}},"s":{"0":1},"branchMap":{},"b":{},"fnMap":{},"f":{}}
,"/Users/kelvi/Develop/reactjs/exercises/counter-app/src/App.tsx": {"path":"/Users/kelvi/Develop/reactjs/exercises/counter-app/src/App.tsx","all":false,"statementMap":{"0":{"start":{"line":1,"column":0},"end":{"line":1,"column":18}},"1":{"start":{"line":2,"column":0},"end":{"line":2,"column":43}},"2":{"start":{"line":3,"column":0},"end":{"line":3,"column":42}},"3":{"start":{"line":4,"column":0},"end":{"line":4,"column":0}},"4":{"start":{"line":5,"column":0},"end":{"line":5,"column":16}},"5":{"start":{"line":6,"column":0},"end":{"line":6,"column":0}},"6":{"start":{"line":7,"column":0},"end":{"line":7,"column":10}},"7":{"start":{"line":8,"column":0},"end":{"line":8,"column":25}},"8":{"start":{"line":9,"column":0},"end":{"line":9,"column":14}},"9":{"start":{"line":10,"column":0},"end":{"line":10,"column":38}},"10":{"start":{"line":11,"column":0},"end":{"line":11,"column":46}},"11":{"start":{"line":12,"column":0},"end":{"line":12,"column":15}},"12":{"start":{"line":13,"column":0},"end":{"line":13,"column":17}},"13":{"start":{"line":14,"column":0},"end":{"line":14,"column":10}},"14":{"start":{"line":15,"column":0},"end":{"line":15,"column":3}},"15":{"start":{"line":16,"column":0},"end":{"line":16,"column":1}},"16":{"start":{"line":17,"column":0},"end":{"line":17,"column":0}},"17":{"start":{"line":18,"column":0},"end":{"line":18,"column":18}}},"s":{"0":1,"1":1,"2":1,"3":1,"4":1,"5":1,"6":1,"7":1,"8":1,"9":1,"10":1,"11":1,"12":1,"13":1,"14":1,"15":1,"16":1,"17":1},"branchMap":{"0":{"type":"branch","line":5,"loc":{"start":{"line":5,"column":0},"end":{"line":18,"column":15}},"locations":[{"start":{"line":5,"column":0},"end":{"line":18,"column":15}}]}},"b":{"0":[1]},"fnMap":{"0":{"name":"App","decl":{"start":{"line":5,"column":0},"end":{"line":18,"column":15}},"loc":{"start":{"line":5,"column":0},"end":{"line":18,"column":15}},"line":5}},"f":{"0":1}}
,"/Users/kelvi/Develop/reactjs/exercises/counter-app/src/components/Counter.tsx": {"path":"/Users/kelvi/Develop/reactjs/exercises/counter-app/src/components/Counter.tsx","all":false,"statementMap":{"0":{"start":{"line":1,"column":0},"end":{"line":1,"column":33}},"1":{"start":{"line":2,"column":0},"end":{"line":2,"column":24}},"2":{"start":{"line":3,"column":0},"end":{"line":3,"column":0}},"3":{"start":{"line":4,"column":0},"end":{"line":4,"column":31}},"4":{"start":{"line":5,"column":0},"end":{"line":5,"column":50}},"5":{"start":{"line":6,"column":0},"end":{"line":6,"column":0}},"6":{"start":{"line":7,"column":0},"end":{"line":7,"column":34}},"7":{"start":{"line":8,"column":0},"end":{"line":8,"column":31}},"8":{"start":{"line":9,"column":0},"end":{"line":9,"column":5}},"9":{"start":{"line":10,"column":0},"end":{"line":10,"column":0}},"10":{"start":{"line":11,"column":0},"end":{"line":11,"column":36}},"11":{"start":{"line":12,"column":0},"end":{"line":12,"column":26}},"12":{"start":{"line":13,"column":0},"end":{"line":13,"column":36}},"13":{"start":{"line":14,"column":0},"end":{"line":14,"column":9}},"14":{"start":{"line":15,"column":0},"end":{"line":15,"column":5}},"15":{"start":{"line":16,"column":0},"end":{"line":16,"column":0}},"16":{"start":{"line":17,"column":0},"end":{"line":17,"column":25}},"17":{"start":{"line":18,"column":0},"end":{"line":18,"column":25}},"18":{"start":{"line":19,"column":0},"end":{"line":19,"column":5}},"19":{"start":{"line":20,"column":0},"end":{"line":20,"column":0}},"20":{"start":{"line":21,"column":0},"end":{"line":21,"column":12}},"21":{"start":{"line":22,"column":0},"end":{"line":22,"column":10}},"22":{"start":{"line":23,"column":0},"end":{"line":23,"column":17}},"23":{"start":{"line":24,"column":0},"end":{"line":24,"column":93}},"24":{"start":{"line":25,"column":0},"end":{"line":25,"column":18}},"25":{"start":{"line":26,"column":0},"end":{"line":26,"column":37}},"26":{"start":{"line":27,"column":0},"end":{"line":27,"column":61}},"27":{"start":{"line":28,"column":0},"end":{"line":28,"column":61}},"28":{"start":{"line":29,"column":0},"end":{"line":29,"column":54}},"29":{"start":{"line":30,"column":0},"end":{"line":30,"column":18}},"30":{"start":{"line":31,"column":0},"end":{"line":31,"column":11}},"31":{"start":{"line":32,"column":0},"end":{"line":32,"column":6}},"32":{"start":{"line":33,"column":0},"end":{"line":33,"column":1}},"33":{"start":{"line":34,"column":0},"end":{"line":34,"column":0}},"34":{"start":{"line":35,"column":0},"end":{"line":35,"column":23}}},"s":{"0":1,"1":1,"2":1,"3":9,"4":9,"5":9,"6":9,"7":2,"8":2,"9":9,"10":9,"11":1,"12":1,"13":1,"14":1,"15":9,"16":9,"17":1,"18":1,"19":9,"20":9,"21":9,"22":9,"23":9,"24":9,"25":9,"26":9,"27":9,"28":9,"29":9,"30":9,"31":9,"32":9,"33":9,"34":1},"branchMap":{"0":{"type":"branch","line":4,"loc":{"start":{"line":4,"column":0},"end":{"line":35,"column":15}},"locations":[{"start":{"line":4,"column":0},"end":{"line":35,"column":15}}]},"1":{"type":"branch","line":7,"loc":{"start":{"line":7,"column":28},"end":{"line":9,"column":5}},"locations":[{"start":{"line":7,"column":28},"end":{"line":9,"column":5}}]},"2":{"type":"branch","line":11,"loc":{"start":{"line":11,"column":29},"end":{"line":15,"column":5}},"locations":[{"start":{"line":11,"column":29},"end":{"line":15,"column":5}}]},"3":{"type":"branch","line":17,"loc":{"start":{"line":17,"column":18},"end":{"line":19,"column":5}},"locations":[{"start":{"line":17,"column":18},"end":{"line":19,"column":5}}]}},"b":{"0":[9],"1":[2],"2":[1],"3":[1]},"fnMap":{"0":{"name":"Counter","decl":{"start":{"line":4,"column":0},"end":{"line":35,"column":15}},"loc":{"start":{"line":4,"column":0},"end":{"line":35,"column":15}},"line":4},"1":{"name":"handlerIncrement","decl":{"start":{"line":7,"column":28},"end":{"line":9,"column":5}},"loc":{"start":{"line":7,"column":28},"end":{"line":9,"column":5}},"line":7},"2":{"name":"handlerDecrement","decl":{"start":{"line":11,"column":29},"end":{"line":15,"column":5}},"loc":{"start":{"line":11,"column":29},"end":{"line":15,"column":5}},"line":11},"3":{"name":"reset","decl":{"start":{"line":17,"column":18},"end":{"line":19,"column":5}},"loc":{"start":{"line":17,"column":18},"end":{"line":19,"column":5}},"line":17}},"f":{"0":9,"1":2,"2":1,"3":1}}
,"/Users/kelvi/Develop/reactjs/exercises/counter-app/src/utils/test-utils.ts": {"path":"/Users/kelvi/Develop/reactjs/exercises/counter-app/src/utils/test-utils.ts","all":false,"statementMap":{"0":{"start":{"line":1,"column":0},"end":{"line":1,"column":34}},"1":{"start":{"line":2,"column":0},"end":{"line":2,"column":0}},"2":{"start":{"line":3,"column":0},"end":{"line":3,"column":48}},"3":{"start":{"line":4,"column":0},"end":{"line":4,"column":60}},"4":{"start":{"line":5,"column":0},"end":{"line":5,"column":0}},"5":{"start":{"line":6,"column":0},"end":{"line":6,"column":0}},"6":{"start":{"line":7,"column":0},"end":{"line":7,"column":98}},"7":{"start":{"line":8,"column":0},"end":{"line":8,"column":0}},"8":{"start":{"line":9,"column":0},"end":{"line":9,"column":14}},"9":{"start":{"line":10,"column":0},"end":{"line":10,"column":0}},"10":{"start":{"line":11,"column":0},"end":{"line":11,"column":38}},"11":{"start":{"line":12,"column":0},"end":{"line":12,"column":0}},"12":{"start":{"line":13,"column":0},"end":{"line":13,"column":40}},"13":{"start":{"line":14,"column":0},"end":{"line":14,"column":0}},"14":{"start":{"line":15,"column":0},"end":{"line":15,"column":15}},"15":{"start":{"line":16,"column":0},"end":{"line":16,"column":0}},"16":{"start":{"line":17,"column":0},"end":{"line":17,"column":5}},"17":{"start":{"line":18,"column":0},"end":{"line":18,"column":0}},"18":{"start":{"line":19,"column":0},"end":{"line":19,"column":39}},"19":{"start":{"line":20,"column":0},"end":{"line":20,"column":0}},"20":{"start":{"line":21,"column":0},"end":{"line":21,"column":67}},"21":{"start":{"line":22,"column":0},"end":{"line":22,"column":0}},"22":{"start":{"line":23,"column":0},"end":{"line":23,"column":25}},"23":{"start":{"line":24,"column":0},"end":{"line":24,"column":0}},"24":{"start":{"line":25,"column":0},"end":{"line":25,"column":34}}},"s":{"0":1,"1":1,"2":1,"3":1,"4":1,"5":1,"6":1,"7":5,"8":5,"9":5,"10":5,"11":5,"12":5,"13":5,"14":5,"15":5,"16":5,"17":1,"18":1,"19":1,"20":1,"21":1,"22":1,"23":1,"24":1},"branchMap":{"0":{"type":"branch","line":7,"loc":{"start":{"line":7,"column":22},"end":{"line":17,"column":5}},"locations":[{"start":{"line":7,"column":22},"end":{"line":17,"column":5}}]},"1":{"type":"branch","line":13,"loc":{"start":{"line":13,"column":14},"end":{"line":13,"column":40}},"locations":[{"start":{"line":13,"column":14},"end":{"line":13,"column":40}}]},"2":{"type":"branch","line":25,"loc":{"start":{"line":25,"column":25},"end":{"line":25,"column":34}},"locations":[{"start":{"line":25,"column":25},"end":{"line":25,"column":34}}]}},"b":{"0":[5],"1":[5],"2":[5]},"fnMap":{"0":{"name":"customRender","decl":{"start":{"line":7,"column":22},"end":{"line":17,"column":5}},"loc":{"start":{"line":7,"column":22},"end":{"line":17,"column":5}},"line":7},"1":{"name":"wrapper","decl":{"start":{"line":13,"column":14},"end":{"line":13,"column":40}},"loc":{"start":{"line":13,"column":14},"end":{"line":13,"column":40}},"line":13},"2":{"name":"get","decl":{"start":{"line":21,"column":37},"end":{"line":21,"column":67}},"loc":{"start":{"line":21,"column":37},"end":{"line":21,"column":67}},"line":21},"3":{"name":"get","decl":{"start":{"line":25,"column":25},"end":{"line":25,"column":34}},"loc":{"start":{"line":25,"column":25},"end":{"line":25,"column":34}},"line":25}},"f":{"0":5,"1":5,"2":0,"3":5}}
}
